  Board.cpp
c:\users\gl753ve\documents\ing. software\programacion\uno\project\globaldata.h(168): warning C4091: 'static ': se ha omitido a la izquierda de 'GlobalData' cuando no hay ninguna variable declarada
c:\users\gl753ve\documents\ing. software\programacion\uno\project\globaldata.h(59): warning C4244: '=': conversión de 'float' a 'int'; posible pérdida de datos
c:\users\gl753ve\documents\ing. software\programacion\uno\project\globaldata.h(60): warning C4244: '=': conversión de 'float' a 'int'; posible pérdida de datos
c:\users\gl753ve\documents\ing. software\programacion\uno\project\globaldata.h(63): warning C4244: '=': conversión de 'float' a 'int'; posible pérdida de datos
c:\users\gl753ve\documents\ing. software\programacion\uno\project\globaldata.h(64): warning C4244: '=': conversión de 'float' a 'int'; posible pérdida de datos
c:\users\gl753ve\documents\ing. software\programacion\uno\project\globaldata.h(67): warning C4244: '=': conversión de 'float' a 'int'; posible pérdida de datos
c:\users\gl753ve\documents\ing. software\programacion\uno\project\globaldata.h(76): warning C4244: '=': conversión de 'float' a 'int'; posible pérdida de datos
c:\users\gl753ve\documents\ing. software\programacion\uno\project\globaldata.h(154): warning C4018: '<': no coinciden signed/unsigned
c:\users\gl753ve\documents\ing. software\programacion\uno\project\globaldata.h(156): warning C4018: '<': no coinciden signed/unsigned
c:\users\gl753ve\documents\ing. software\programacion\uno\project\board.cpp(5): warning C4244: '=': conversión de 'float' a 'int'; posible pérdida de datos
c:\users\gl753ve\documents\ing. software\programacion\uno\project\board.cpp(6): warning C4244: '=': conversión de 'float' a 'int'; posible pérdida de datos
c:\users\gl753ve\documents\ing. software\programacion\uno\project\board.cpp(90): warning C4244: 'argumento': conversión de 'int' a 'float'; posible pérdida de datos
c:\users\gl753ve\documents\ing. software\programacion\uno\project\board.cpp(89): warning C4244: 'argumento': conversión de 'int' a 'float'; posible pérdida de datos
c:\users\gl753ve\documents\ing. software\programacion\uno\project\board.cpp(119): warning C4018: '<': no coinciden signed/unsigned
c:\users\gl753ve\documents\ing. software\programacion\uno\project\board.cpp(257): warning C4018: '<': no coinciden signed/unsigned
  Card.cpp
c:\users\gl753ve\documents\ing. software\programacion\uno\project\globaldata.h(168): warning C4091: 'static ': se ha omitido a la izquierda de 'GlobalData' cuando no hay ninguna variable declarada
c:\users\gl753ve\documents\ing. software\programacion\uno\project\globaldata.h(59): warning C4244: '=': conversión de 'float' a 'int'; posible pérdida de datos
c:\users\gl753ve\documents\ing. software\programacion\uno\project\globaldata.h(60): warning C4244: '=': conversión de 'float' a 'int'; posible pérdida de datos
c:\users\gl753ve\documents\ing. software\programacion\uno\project\globaldata.h(63): warning C4244: '=': conversión de 'float' a 'int'; posible pérdida de datos
c:\users\gl753ve\documents\ing. software\programacion\uno\project\globaldata.h(64): warning C4244: '=': conversión de 'float' a 'int'; posible pérdida de datos
c:\users\gl753ve\documents\ing. software\programacion\uno\project\globaldata.h(67): warning C4244: '=': conversión de 'float' a 'int'; posible pérdida de datos
c:\users\gl753ve\documents\ing. software\programacion\uno\project\globaldata.h(76): warning C4244: '=': conversión de 'float' a 'int'; posible pérdida de datos
c:\users\gl753ve\documents\ing. software\programacion\uno\project\globaldata.h(154): warning C4018: '<': no coinciden signed/unsigned
c:\users\gl753ve\documents\ing. software\programacion\uno\project\globaldata.h(156): warning C4018: '<': no coinciden signed/unsigned
c:\users\gl753ve\documents\ing. software\programacion\uno\project\card.cpp(70): warning C4244: 'inicializando': conversión de 'int' a 'float'; posible pérdida de datos
c:\users\gl753ve\documents\ing. software\programacion\uno\project\card.cpp(71): warning C4244: 'inicializando': conversión de 'int' a 'float'; posible pérdida de datos
c:\users\gl753ve\documents\ing. software\programacion\uno\project\card.cpp(74): warning C4244: 'argumento': conversión de 'float' a 'int'; posible pérdida de datos
  Controller.cpp
c:\users\gl753ve\documents\ing. software\programacion\uno\project\globaldata.h(168): warning C4091: 'static ': se ha omitido a la izquierda de 'GlobalData' cuando no hay ninguna variable declarada
c:\users\gl753ve\documents\ing. software\programacion\uno\project\globaldata.h(59): warning C4244: '=': conversión de 'float' a 'int'; posible pérdida de datos
c:\users\gl753ve\documents\ing. software\programacion\uno\project\globaldata.h(60): warning C4244: '=': conversión de 'float' a 'int'; posible pérdida de datos
c:\users\gl753ve\documents\ing. software\programacion\uno\project\globaldata.h(63): warning C4244: '=': conversión de 'float' a 'int'; posible pérdida de datos
c:\users\gl753ve\documents\ing. software\programacion\uno\project\globaldata.h(64): warning C4244: '=': conversión de 'float' a 'int'; posible pérdida de datos
c:\users\gl753ve\documents\ing. software\programacion\uno\project\globaldata.h(67): warning C4244: '=': conversión de 'float' a 'int'; posible pérdida de datos
c:\users\gl753ve\documents\ing. software\programacion\uno\project\globaldata.h(76): warning C4244: '=': conversión de 'float' a 'int'; posible pérdida de datos
c:\users\gl753ve\documents\ing. software\programacion\uno\project\globaldata.h(154): warning C4018: '<': no coinciden signed/unsigned
c:\users\gl753ve\documents\ing. software\programacion\uno\project\globaldata.h(156): warning C4018: '<': no coinciden signed/unsigned
c:\users\gl753ve\documents\ing. software\programacion\uno\project\controller.cpp(44): warning C4244: 'inicializando': conversión de 'float' a 'int'; posible pérdida de datos
c:\users\gl753ve\documents\ing. software\programacion\uno\project\controller.cpp(45): warning C4244: 'inicializando': conversión de 'float' a 'int'; posible pérdida de datos
c:\users\gl753ve\documents\ing. software\programacion\uno\project\controller.cpp(49): warning C4244: 'argumento': conversión de 'int' a 'float'; posible pérdida de datos
c:\users\gl753ve\documents\ing. software\programacion\uno\project\controller.cpp(63): warning C4244: 'inicializando': conversión de 'float' a 'int'; posible pérdida de datos
c:\users\gl753ve\documents\ing. software\programacion\uno\project\controller.cpp(64): warning C4244: 'inicializando': conversión de 'float' a 'int'; posible pérdida de datos
c:\users\gl753ve\documents\ing. software\programacion\uno\project\controller.cpp(69): warning C4018: '<': no coinciden signed/unsigned
c:\users\gl753ve\documents\ing. software\programacion\uno\project\controller.cpp(71): warning C4244: 'argumento': conversión de 'int' a 'float'; posible pérdida de datos
c:\users\gl753ve\documents\ing. software\programacion\uno\project\controller.cpp(74): warning C4018: '>': no coinciden signed/unsigned
  Deck.cpp
c:\users\gl753ve\documents\ing. software\programacion\uno\project\globaldata.h(168): warning C4091: 'static ': se ha omitido a la izquierda de 'GlobalData' cuando no hay ninguna variable declarada
c:\users\gl753ve\documents\ing. software\programacion\uno\project\globaldata.h(59): warning C4244: '=': conversión de 'float' a 'int'; posible pérdida de datos
c:\users\gl753ve\documents\ing. software\programacion\uno\project\globaldata.h(60): warning C4244: '=': conversión de 'float' a 'int'; posible pérdida de datos
c:\users\gl753ve\documents\ing. software\programacion\uno\project\globaldata.h(63): warning C4244: '=': conversión de 'float' a 'int'; posible pérdida de datos
c:\users\gl753ve\documents\ing. software\programacion\uno\project\globaldata.h(64): warning C4244: '=': conversión de 'float' a 'int'; posible pérdida de datos
c:\users\gl753ve\documents\ing. software\programacion\uno\project\globaldata.h(67): warning C4244: '=': conversión de 'float' a 'int'; posible pérdida de datos
c:\users\gl753ve\documents\ing. software\programacion\uno\project\globaldata.h(76): warning C4244: '=': conversión de 'float' a 'int'; posible pérdida de datos
c:\users\gl753ve\documents\ing. software\programacion\uno\project\globaldata.h(154): warning C4018: '<': no coinciden signed/unsigned
c:\users\gl753ve\documents\ing. software\programacion\uno\project\globaldata.h(156): warning C4018: '<': no coinciden signed/unsigned
c:\users\gl753ve\documents\ing. software\programacion\uno\project\deck.cpp(15): warning C4018: '<': no coinciden signed/unsigned
c:\users\gl753ve\documents\ing. software\programacion\uno\project\deck.cpp(27): warning C4018: '<': no coinciden signed/unsigned
  EffectCard.cpp
c:\users\gl753ve\documents\ing. software\programacion\uno\project\globaldata.h(168): warning C4091: 'static ': se ha omitido a la izquierda de 'GlobalData' cuando no hay ninguna variable declarada
c:\users\gl753ve\documents\ing. software\programacion\uno\project\globaldata.h(59): warning C4244: '=': conversión de 'float' a 'int'; posible pérdida de datos
c:\users\gl753ve\documents\ing. software\programacion\uno\project\globaldata.h(60): warning C4244: '=': conversión de 'float' a 'int'; posible pérdida de datos
c:\users\gl753ve\documents\ing. software\programacion\uno\project\globaldata.h(63): warning C4244: '=': conversión de 'float' a 'int'; posible pérdida de datos
c:\users\gl753ve\documents\ing. software\programacion\uno\project\globaldata.h(64): warning C4244: '=': conversión de 'float' a 'int'; posible pérdida de datos
c:\users\gl753ve\documents\ing. software\programacion\uno\project\globaldata.h(67): warning C4244: '=': conversión de 'float' a 'int'; posible pérdida de datos
c:\users\gl753ve\documents\ing. software\programacion\uno\project\globaldata.h(76): warning C4244: '=': conversión de 'float' a 'int'; posible pérdida de datos
c:\users\gl753ve\documents\ing. software\programacion\uno\project\globaldata.h(154): warning C4018: '<': no coinciden signed/unsigned
c:\users\gl753ve\documents\ing. software\programacion\uno\project\globaldata.h(156): warning C4018: '<': no coinciden signed/unsigned
  MainForm.cpp
c:\users\gl753ve\documents\ing. software\programacion\uno\project\globaldata.h(168): warning C4091: 'static ': se ha omitido a la izquierda de 'GlobalData' cuando no hay ninguna variable declarada
c:\users\gl753ve\documents\ing. software\programacion\uno\project\globaldata.h(59): warning C4244: '=': conversión de 'float' a 'int'; posible pérdida de datos
c:\users\gl753ve\documents\ing. software\programacion\uno\project\globaldata.h(60): warning C4244: '=': conversión de 'float' a 'int'; posible pérdida de datos
c:\users\gl753ve\documents\ing. software\programacion\uno\project\globaldata.h(63): warning C4244: '=': conversión de 'float' a 'int'; posible pérdida de datos
c:\users\gl753ve\documents\ing. software\programacion\uno\project\globaldata.h(64): warning C4244: '=': conversión de 'float' a 'int'; posible pérdida de datos
c:\users\gl753ve\documents\ing. software\programacion\uno\project\globaldata.h(67): warning C4244: '=': conversión de 'float' a 'int'; posible pérdida de datos
c:\users\gl753ve\documents\ing. software\programacion\uno\project\globaldata.h(76): warning C4244: '=': conversión de 'float' a 'int'; posible pérdida de datos
c:\users\gl753ve\documents\ing. software\programacion\uno\project\globaldata.h(154): warning C4018: '<': no coinciden signed/unsigned
c:\users\gl753ve\documents\ing. software\programacion\uno\project\globaldata.h(156): warning C4018: '<': no coinciden signed/unsigned
  Menus.cpp
c:\users\gl753ve\documents\ing. software\programacion\uno\project\globaldata.h(168): warning C4091: 'static ': se ha omitido a la izquierda de 'GlobalData' cuando no hay ninguna variable declarada
c:\users\gl753ve\documents\ing. software\programacion\uno\project\globaldata.h(59): warning C4244: '=': conversión de 'float' a 'int'; posible pérdida de datos
c:\users\gl753ve\documents\ing. software\programacion\uno\project\globaldata.h(60): warning C4244: '=': conversión de 'float' a 'int'; posible pérdida de datos
c:\users\gl753ve\documents\ing. software\programacion\uno\project\globaldata.h(63): warning C4244: '=': conversión de 'float' a 'int'; posible pérdida de datos
c:\users\gl753ve\documents\ing. software\programacion\uno\project\globaldata.h(64): warning C4244: '=': conversión de 'float' a 'int'; posible pérdida de datos
c:\users\gl753ve\documents\ing. software\programacion\uno\project\globaldata.h(67): warning C4244: '=': conversión de 'float' a 'int'; posible pérdida de datos
c:\users\gl753ve\documents\ing. software\programacion\uno\project\globaldata.h(76): warning C4244: '=': conversión de 'float' a 'int'; posible pérdida de datos
c:\users\gl753ve\documents\ing. software\programacion\uno\project\globaldata.h(154): warning C4018: '<': no coinciden signed/unsigned
c:\users\gl753ve\documents\ing. software\programacion\uno\project\globaldata.h(156): warning C4018: '<': no coinciden signed/unsigned
  NamesForm.cpp
c:\users\gl753ve\documents\ing. software\programacion\uno\project\globaldata.h(168): warning C4091: 'static ': se ha omitido a la izquierda de 'GlobalData' cuando no hay ninguna variable declarada
c:\users\gl753ve\documents\ing. software\programacion\uno\project\globaldata.h(59): warning C4244: '=': conversión de 'float' a 'int'; posible pérdida de datos
c:\users\gl753ve\documents\ing. software\programacion\uno\project\globaldata.h(60): warning C4244: '=': conversión de 'float' a 'int'; posible pérdida de datos
c:\users\gl753ve\documents\ing. software\programacion\uno\project\globaldata.h(63): warning C4244: '=': conversión de 'float' a 'int'; posible pérdida de datos
c:\users\gl753ve\documents\ing. software\programacion\uno\project\globaldata.h(64): warning C4244: '=': conversión de 'float' a 'int'; posible pérdida de datos
c:\users\gl753ve\documents\ing. software\programacion\uno\project\globaldata.h(67): warning C4244: '=': conversión de 'float' a 'int'; posible pérdida de datos
c:\users\gl753ve\documents\ing. software\programacion\uno\project\globaldata.h(76): warning C4244: '=': conversión de 'float' a 'int'; posible pérdida de datos
c:\users\gl753ve\documents\ing. software\programacion\uno\project\globaldata.h(154): warning C4018: '<': no coinciden signed/unsigned
c:\users\gl753ve\documents\ing. software\programacion\uno\project\globaldata.h(156): warning C4018: '<': no coinciden signed/unsigned
  NumberCard.cpp
c:\users\gl753ve\documents\ing. software\programacion\uno\project\globaldata.h(168): warning C4091: 'static ': se ha omitido a la izquierda de 'GlobalData' cuando no hay ninguna variable declarada
c:\users\gl753ve\documents\ing. software\programacion\uno\project\globaldata.h(59): warning C4244: '=': conversión de 'float' a 'int'; posible pérdida de datos
c:\users\gl753ve\documents\ing. software\programacion\uno\project\globaldata.h(60): warning C4244: '=': conversión de 'float' a 'int'; posible pérdida de datos
c:\users\gl753ve\documents\ing. software\programacion\uno\project\globaldata.h(63): warning C4244: '=': conversión de 'float' a 'int'; posible pérdida de datos
c:\users\gl753ve\documents\ing. software\programacion\uno\project\globaldata.h(64): warning C4244: '=': conversión de 'float' a 'int'; posible pérdida de datos
c:\users\gl753ve\documents\ing. software\programacion\uno\project\globaldata.h(67): warning C4244: '=': conversión de 'float' a 'int'; posible pérdida de datos
c:\users\gl753ve\documents\ing. software\programacion\uno\project\globaldata.h(76): warning C4244: '=': conversión de 'float' a 'int'; posible pérdida de datos
c:\users\gl753ve\documents\ing. software\programacion\uno\project\globaldata.h(154): warning C4018: '<': no coinciden signed/unsigned
c:\users\gl753ve\documents\ing. software\programacion\uno\project\globaldata.h(156): warning C4018: '<': no coinciden signed/unsigned
  Player.cpp
c:\users\gl753ve\documents\ing. software\programacion\uno\project\globaldata.h(168): warning C4091: 'static ': se ha omitido a la izquierda de 'GlobalData' cuando no hay ninguna variable declarada
c:\users\gl753ve\documents\ing. software\programacion\uno\project\globaldata.h(59): warning C4244: '=': conversión de 'float' a 'int'; posible pérdida de datos
c:\users\gl753ve\documents\ing. software\programacion\uno\project\globaldata.h(60): warning C4244: '=': conversión de 'float' a 'int'; posible pérdida de datos
c:\users\gl753ve\documents\ing. software\programacion\uno\project\globaldata.h(63): warning C4244: '=': conversión de 'float' a 'int'; posible pérdida de datos
c:\users\gl753ve\documents\ing. software\programacion\uno\project\globaldata.h(64): warning C4244: '=': conversión de 'float' a 'int'; posible pérdida de datos
c:\users\gl753ve\documents\ing. software\programacion\uno\project\globaldata.h(67): warning C4244: '=': conversión de 'float' a 'int'; posible pérdida de datos
c:\users\gl753ve\documents\ing. software\programacion\uno\project\globaldata.h(76): warning C4244: '=': conversión de 'float' a 'int'; posible pérdida de datos
c:\users\gl753ve\documents\ing. software\programacion\uno\project\globaldata.h(154): warning C4018: '<': no coinciden signed/unsigned
c:\users\gl753ve\documents\ing. software\programacion\uno\project\globaldata.h(156): warning C4018: '<': no coinciden signed/unsigned
c:\users\gl753ve\documents\ing. software\programacion\uno\project\player.cpp(31): warning C4018: '<': no coinciden signed/unsigned
c:\users\gl753ve\documents\ing. software\programacion\uno\project\player.cpp(86): warning C4244: 'argumento': conversión de 'int' a 'float'; posible pérdida de datos
c:\users\gl753ve\documents\ing. software\programacion\uno\project\player.cpp(85): warning C4244: 'argumento': conversión de 'int' a 'float'; posible pérdida de datos
  Generando código...
c:\users\gl753ve\documents\ing. software\programacion\uno\project\board.cpp(232): warning C4715: 'Tablero::KeysJuego': no todas las rutas de acceso de control devuelven un valor
  .NETFramework,Version=v4.5.2.AssemblyAttributes.cpp
  Project.vcxproj -> C:\Users\GL753VE\Documents\Ing. Software\Programacion\UNO\Debug\Project.exe
